<?xml version="1.0" encoding="UTF-8"?>
<testng-results skipped="0" failed="0" ignored="0" total="1" passed="1">
  <reporter-output>
  </reporter-output>
  <suite name="Default suite" duration-ms="989" started-at="2020-08-12T15:42:06Z" finished-at="2020-08-12T15:42:07Z">
    <groups>
    </groups>
    <test name="Default test" duration-ms="989" started-at="2020-08-12T15:42:06Z" finished-at="2020-08-12T15:42:07Z">
      <class name="SumValidation">
        <test-method status="PASS" signature="sumOfCourses()[pri:0, instance:SumValidation@1b604f19]" name="sumOfCourses" duration-ms="971" started-at="2020-08-12T15:42:06Z" finished-at="2020-08-12T15:42:07Z">
          <reporter-output>
          </reporter-output>
        </test-method> <!-- sumOfCourses -->
      </class> <!-- SumValidation -->
    </test> <!-- Default test -->
  </suite> <!-- Default suite -->
</testng-results>
